<?xml version="1.0" encoding="UTF-8"?>
<testng-results skipped="0" failed="1" ignored="0" total="6" passed="5">
  <reporter-output>
  </reporter-output>
  <suite name="Google Keep Test Suite" duration-ms="80014" started-at="2017-07-23T21:39:15Z" finished-at="2017-07-23T21:40:35Z">
    <groups>
    </groups>
    <test name="FirefoxTest" duration-ms="80014" started-at="2017-07-23T21:39:15Z" finished-at="2017-07-23T21:40:35Z">
      <class name="com.test.automation.tests.TC004_CreateALabel">
        <test-method status="PASS" signature="setUp()[pri:0, instance:com.test.automation.tests.TC004_CreateALabel@13fee20c]" name="setUp" is-config="true" duration-ms="7458" started-at="2017-07-23T22:40:05Z" finished-at="2017-07-23T22:40:13Z">
          <reporter-output>
          </reporter-output>
        </test-method> <!-- setUp -->
        <test-method status="PASS" signature="createANewLabel()[pri:0, instance:com.test.automation.tests.TC004_CreateALabel@13fee20c]" name="createANewLabel" duration-ms="9081" started-at="2017-07-23T22:40:13Z" finished-at="2017-07-23T22:40:22Z">
          <reporter-output>
          </reporter-output>
        </test-method> <!-- createANewLabel -->
        <test-method status="PASS" signature="endTest()[pri:0, instance:com.test.automation.tests.TC004_CreateALabel@13fee20c]" name="endTest" is-config="true" duration-ms="132" started-at="2017-07-23T22:40:22Z" finished-at="2017-07-23T22:40:22Z">
          <reporter-output>
          </reporter-output>
        </test-method> <!-- endTest -->
      </class> <!-- com.test.automation.tests.TC004_CreateALabel -->
      <class name="com.test.automation.tests.TC001_VerifyHomePageDetails">
        <test-method status="PASS" signature="setUp()[pri:0, instance:com.test.automation.tests.TC001_VerifyHomePageDetails@5f2050f6]" name="setUp" is-config="true" duration-ms="11665" started-at="2017-07-23T22:39:15Z" finished-at="2017-07-23T22:39:27Z">
          <reporter-output>
          </reporter-output>
        </test-method> <!-- setUp -->
        <test-method status="PASS" signature="verifyLoginWithValidCredentials()[pri:0, instance:com.test.automation.tests.TC001_VerifyHomePageDetails@5f2050f6]" name="verifyLoginWithValidCredentials" duration-ms="5515" started-at="2017-07-23T22:39:27Z" finished-at="2017-07-23T22:39:33Z">
          <reporter-output>
          </reporter-output>
        </test-method> <!-- verifyLoginWithValidCredentials -->
        <test-method status="PASS" signature="endTest()[pri:0, instance:com.test.automation.tests.TC001_VerifyHomePageDetails@5f2050f6]" name="endTest" is-config="true" duration-ms="174" started-at="2017-07-23T22:39:33Z" finished-at="2017-07-23T22:39:33Z">
          <reporter-output>
          </reporter-output>
        </test-method> <!-- endTest -->
      </class> <!-- com.test.automation.tests.TC001_VerifyHomePageDetails -->
      <class name="com.test.automation.tests.TC002_CreateANote">
        <test-method status="PASS" signature="setUp()[pri:0, instance:com.test.automation.tests.TC002_CreateANote@3b81a1bc]" name="setUp" is-config="true" duration-ms="7654" started-at="2017-07-23T22:39:33Z" finished-at="2017-07-23T22:39:40Z">
          <reporter-output>
          </reporter-output>
        </test-method> <!-- setUp -->
        <test-method status="PASS" signature="createANewNote()[pri:0, instance:com.test.automation.tests.TC002_CreateANote@3b81a1bc]" name="createANewNote" duration-ms="6240" started-at="2017-07-23T22:39:40Z" finished-at="2017-07-23T22:39:47Z">
          <reporter-output>
          </reporter-output>
        </test-method> <!-- createANewNote -->
        <test-method status="PASS" signature="endTest()[pri:0, instance:com.test.automation.tests.TC002_CreateANote@3b81a1bc]" name="endTest" is-config="true" duration-ms="135" started-at="2017-07-23T22:39:47Z" finished-at="2017-07-23T22:39:47Z">
          <reporter-output>
          </reporter-output>
        </test-method> <!-- endTest -->
      </class> <!-- com.test.automation.tests.TC002_CreateANote -->
      <class name="com.test.automation.tests.TC003_AddReminder">
        <test-method status="PASS" signature="setUp()[pri:0, instance:com.test.automation.tests.TC003_AddReminder@64616ca2]" name="setUp" is-config="true" duration-ms="7500" started-at="2017-07-23T22:39:47Z" finished-at="2017-07-23T22:39:54Z">
          <reporter-output>
          </reporter-output>
        </test-method> <!-- setUp -->
        <test-method status="PASS" signature="createANewReminder()[pri:0, instance:com.test.automation.tests.TC003_AddReminder@64616ca2]" name="createANewReminder" duration-ms="10706" started-at="2017-07-23T22:39:54Z" finished-at="2017-07-23T22:40:05Z">
          <reporter-output>
          </reporter-output>
        </test-method> <!-- createANewReminder -->
        <test-method status="PASS" signature="endTest()[pri:0, instance:com.test.automation.tests.TC003_AddReminder@64616ca2]" name="endTest" is-config="true" duration-ms="86" started-at="2017-07-23T22:40:05Z" finished-at="2017-07-23T22:40:05Z">
          <reporter-output>
          </reporter-output>
        </test-method> <!-- endTest -->
      </class> <!-- com.test.automation.tests.TC003_AddReminder -->
      <class name="com.test.automation.tests.TC005_SearchNotes">
        <test-method status="PASS" signature="setUp()[pri:0, instance:com.test.automation.tests.TC005_SearchNotes@4e04a765]" name="setUp" is-config="true" duration-ms="7958" started-at="2017-07-23T22:40:22Z" finished-at="2017-07-23T22:40:30Z">
          <reporter-output>
          </reporter-output>
        </test-method> <!-- setUp -->
        <test-method status="FAIL" signature="searchExistingNote()[pri:0, instance:com.test.automation.tests.TC005_SearchNotes@4e04a765]" name="searchExistingNote" duration-ms="5260" started-at="2017-07-23T22:40:30Z" finished-at="2017-07-23T22:40:35Z">
          <exception class="java.lang.AssertionError">
            <message>
              <![CDATA[expected:<true> but was:<false>]]>
            </message>
            <full-stacktrace>
              <![CDATA[java.lang.AssertionError: expected:<true> but was:<false>
	at org.junit.Assert.fail(Assert.java:88)
	at org.junit.Assert.failNotEquals(Assert.java:834)
	at org.junit.Assert.assertEquals(Assert.java:118)
	at org.junit.Assert.assertEquals(Assert.java:144)
	at com.test.automation.tests.TC005_SearchNotes.searchExistingNote(TC005_SearchNotes.java:18)
	at sun.reflect.NativeMethodAccessorImpl.invoke0(Native Method)
	at sun.reflect.NativeMethodAccessorImpl.invoke(NativeMethodAccessorImpl.java:62)
	at sun.reflect.DelegatingMethodAccessorImpl.invoke(DelegatingMethodAccessorImpl.java:43)
	at java.lang.reflect.Method.invoke(Method.java:498)
	at org.testng.internal.MethodInvocationHelper.invokeMethod(MethodInvocationHelper.java:108)
	at org.testng.internal.Invoker.invokeMethod(Invoker.java:661)
	at org.testng.internal.Invoker.invokeTestMethod(Invoker.java:869)
	at org.testng.internal.Invoker.invokeTestMethods(Invoker.java:1193)
	at org.testng.internal.TestMethodWorker.invokeTestMethods(TestMethodWorker.java:126)
	at org.testng.internal.TestMethodWorker.run(TestMethodWorker.java:109)
	at org.testng.TestRunner.privateRun(TestRunner.java:744)
	at org.testng.TestRunner.run(TestRunner.java:602)
	at org.testng.SuiteRunner.runTest(SuiteRunner.java:380)
	at org.testng.SuiteRunner.runSequentially(SuiteRunner.java:375)
	at org.testng.SuiteRunner.privateRun(SuiteRunner.java:340)
	at org.testng.SuiteRunner.run(SuiteRunner.java:289)
	at org.testng.SuiteRunnerWorker.runSuite(SuiteRunnerWorker.java:52)
	at org.testng.SuiteRunnerWorker.run(SuiteRunnerWorker.java:86)
	at org.testng.TestNG.runSuitesSequentially(TestNG.java:1301)
	at org.testng.TestNG.runSuitesLocally(TestNG.java:1226)
	at org.testng.TestNG.runSuites(TestNG.java:1144)
	at org.testng.TestNG.run(TestNG.java:1115)
	at org.apache.maven.surefire.testng.TestNGExecutor.run(TestNGExecutor.java:281)
	at org.apache.maven.surefire.testng.TestNGXmlTestSuite.execute(TestNGXmlTestSuite.java:75)
	at org.apache.maven.surefire.testng.TestNGProvider.invoke(TestNGProvider.java:121)
	at org.apache.maven.surefire.booter.ForkedBooter.invokeProviderInSameClassLoader(ForkedBooter.java:290)
	at org.apache.maven.surefire.booter.ForkedBooter.runSuitesInProcess(ForkedBooter.java:242)
	at org.apache.maven.surefire.booter.ForkedBooter.main(ForkedBooter.java:121)
]]>
            </full-stacktrace>
          </exception> <!-- java.lang.AssertionError -->
          <reporter-output>
          </reporter-output>
        </test-method> <!-- searchExistingNote -->
        <test-method status="PASS" signature="searchNonExistingNote()[pri:0, instance:com.test.automation.tests.TC005_SearchNotes@4e04a765]" name="searchNonExistingNote" duration-ms="311" started-at="2017-07-23T22:40:35Z" finished-at="2017-07-23T22:40:35Z">
          <reporter-output>
          </reporter-output>
        </test-method> <!-- searchNonExistingNote -->
        <test-method status="PASS" signature="endTest()[pri:0, instance:com.test.automation.tests.TC005_SearchNotes@4e04a765]" name="endTest" is-config="true" duration-ms="97" started-at="2017-07-23T22:40:35Z" finished-at="2017-07-23T22:40:35Z">
          <reporter-output>
          </reporter-output>
        </test-method> <!-- endTest -->
      </class> <!-- com.test.automation.tests.TC005_SearchNotes -->
    </test> <!-- FirefoxTest -->
  </suite> <!-- Google Keep Test Suite -->
</testng-results>
